Apellido: Harris
Nombre: Steve
Legajo: 3
Correo: sharris@maiden.com.uk
Clave: eddie666
Perfil: vendedor
Fecha de logueo: 2023-10-07 00:12:08

Apellido: Gorgen
Nombre: Corey
Legajo: 1
Correo: cgorgen@vendedor.com
Clave: 123abc45
Perfil: vendedor
Fecha de logueo: 2023-10-07 00:13:12

Apellido: Robinson
Nombre: Tilda
Legajo: 4
Correo: trobinson@super.com
Clave: 12345678
Perfil: supervisor
Fecha de logueo: 2023-10-07 00:18:30

Apellido: Gorgen
Nombre: Corey
Legajo: 1
Correo: cgorgen@vendedor.com
Clave: 123abc45
Perfil: vendedor
Fecha de logueo: 2023-10-07 00:23:11

Apellido: Jordan
Nombre: Michael
Legajo: 5
Correo: admin@admin.com
Clave: 12345678
Perfil: administrador
Fecha de logueo: 2023-10-07 00:27:56

Apellido: Jordan
Nombre: Michael
Legajo: 5
Correo: admin@admin.com
Clave: 12345678
Perfil: administrador
Fecha de logueo: 2023-10-07 00:28:28

Apellido: Harroll
Nombre: Ingrid
Legajo: 2
Correo: iharroll@vendedor.com
Clave: qweasdzx
Perfil: vendedor
Fecha de logueo: 2023-10-07 00:31:40

Apellido: Robinson
Nombre: Tilda
Legajo: 4
Correo: trobinson@super.com
Clave: 12345678
Perfil: supervisor
Fecha de logueo: 2023-10-07 00:33:50

Apellido: Harroll
Nombre: Ingrid
Legajo: 2
Correo: iharroll@vendedor.com
Clave: qweasdzx
Perfil: vendedor
Fecha de logueo: 2023-10-07 00:34:54

Apellido: Harris
Nombre: Steve
Legajo: 3
Correo: sharris@maiden.com.uk
Clave: eddie666
Perfil: vendedor
Fecha de logueo: 2023-10-07 00:35:23

Apellido: Jordan
Nombre: Michael
Legajo: 5
Correo: admin@admin.com
Clave: 12345678
Perfil: administrador
Fecha de logueo: 2023-10-07 00:36:31

Apellido: Robinson
Nombre: Tilda
Legajo: 4
Correo: trobinson@super.com
Clave: 12345678
Perfil: supervisor
Fecha de logueo: 2023-10-07 01:01:02

Apellido: Gorgen
Nombre: Corey
Legajo: 1
Correo: cgorgen@vendedor.com
Clave: 123abc45
Perfil: vendedor
Fecha de logueo: 2023-10-07 01:01:19

Apellido: Robinson
Nombre: Tilda
Legajo: 4
Correo: trobinson@super.com
Clave: 12345678
Perfil: supervisor
Fecha de logueo: 2023-10-07 01:02:37

Apellido: Robinson
Nombre: Tilda
Legajo: 4
Correo: trobinson@super.com
Clave: 12345678
Perfil: supervisor
Fecha de logueo: 2023-10-07 01:03:01

Apellido: Harris
Nombre: Steve
Legajo: 3
Correo: sharris@maiden.com.uk
Clave: eddie666
Perfil: vendedor
Fecha de logueo: 2023-10-07 01:03:11

Apellido: Gorgen
Nombre: Corey
Legajo: 1
Correo: cgorgen@vendedor.com
Clave: 123abc45
Perfil: vendedor
Fecha de logueo: 2023-10-07 01:03:33

Apellido: Harroll
Nombre: Ingrid
Legajo: 2
Correo: iharroll@vendedor.com
Clave: qweasdzx
Perfil: vendedor
Fecha de logueo: 2023-10-07 01:04:48

Apellido: Gorgen
Nombre: Corey
Legajo: 1
Correo: cgorgen@vendedor.com
Clave: 123abc45
Perfil: vendedor
Fecha de logueo: 2023-10-07 01:04:57

Apellido: Harroll
Nombre: Ingrid
Legajo: 2
Correo: iharroll@vendedor.com
Clave: qweasdzx
Perfil: vendedor
Fecha de logueo: 2023-10-07 01:04:59

Apellido: Robinson
Nombre: Tilda
Legajo: 4
Correo: trobinson@super.com
Clave: 12345678
Perfil: supervisor
Fecha de logueo: 2023-10-07 01:05:02

Apellido: Gorgen
Nombre: Corey
Legajo: 1
Correo: cgorgen@vendedor.com
Clave: 123abc45
Perfil: vendedor
Fecha de logueo: 2023-10-07 01:05:06

Apellido: Harris
Nombre: Steve
Legajo: 3
Correo: sharris@maiden.com.uk
Clave: eddie666
Perfil: vendedor
Fecha de logueo: 2023-10-07 01:05:09

Apellido: Harroll
Nombre: Ingrid
Legajo: 2
Correo: iharroll@vendedor.com
Clave: qweasdzx
Perfil: vendedor
Fecha de logueo: 2023-10-07 01:05:12

Apellido: Jordan
Nombre: Michael
Legajo: 5
Correo: admin@admin.com
Clave: 12345678
Perfil: administrador
Fecha de logueo: 2023-10-07 01:05:14

Apellido: Robinson
Nombre: Tilda
Legajo: 4
Correo: trobinson@super.com
Clave: 12345678
Perfil: supervisor
Fecha de logueo: 2023-10-07 01:05:28

Apellido: Gorgen
Nombre: Corey
Legajo: 1
Correo: cgorgen@vendedor.com
Clave: 123abc45
Perfil: vendedor
Fecha de logueo: 2023-10-07 01:10:06

Apellido: Harroll
Nombre: Ingrid
Legajo: 2
Correo: iharroll@vendedor.com
Clave: qweasdzx
Perfil: vendedor
Fecha de logueo: 2023-10-07 01:10:34

Apellido: Jordan
Nombre: Michael
Legajo: 5
Correo: admin@admin.com
Clave: 12345678
Perfil: administrador
Fecha de logueo: 2023-10-07 01:12:40

Apellido: Robinson
Nombre: Tilda
Legajo: 4
Correo: trobinson@super.com
Clave: 12345678
Perfil: supervisor
Fecha de logueo: 2023-10-07 01:15:50

Apellido: Harroll
Nombre: Ingrid
Legajo: 2
Correo: iharroll@vendedor.com
Clave: qweasdzx
Perfil: vendedor
Fecha de logueo: 2023-10-07 01:15:53

Apellido: Gorgen
Nombre: Corey
Legajo: 1
Correo: cgorgen@vendedor.com
Clave: 123abc45
Perfil: vendedor
Fecha de logueo: 2023-10-07 01:15:56

Apellido: Harroll
Nombre: Ingrid
Legajo: 2
Correo: iharroll@vendedor.com
Clave: qweasdzx
Perfil: vendedor
Fecha de logueo: 2023-10-07 01:19:34

Apellido: Robinson
Nombre: Tilda
Legajo: 4
Correo: trobinson@super.com
Clave: 12345678
Perfil: supervisor
Fecha de logueo: 2023-10-07 01:22:53

Apellido: Jordan
Nombre: Michael
Legajo: 5
Correo: admin@admin.com
Clave: 12345678
Perfil: administrador
Fecha de logueo: 2023-10-07 01:23:01

Apellido: Jordan
Nombre: Michael
Legajo: 5
Correo: admin@admin.com
Clave: 12345678
Perfil: administrador
Fecha de logueo: 2023-10-07 01:23:20

